<?xml version="1.0" encoding="UTF-8"?>
<testng-results ignored="0" total="1" passed="1" failed="0" skipped="0">
  <reporter-output>
  </reporter-output>
  <suite started-at="2025-07-03T11:40:10 IST" name="Surefire suite" finished-at="2025-07-03T11:42:45 IST" duration-ms="155023">
    <groups>
    </groups>
    <test started-at="2025-07-03T11:40:10 IST" name="Surefire test" finished-at="2025-07-03T11:42:45 IST" duration-ms="155023">
      <class name="tests.LoginTest">
        <test-method is-config="true" signature="setup()[pri:0, instance:tests.LoginTest@10db82ae]" started-at="2025-07-03T11:40:10 IST" name="setup" finished-at="2025-07-03T11:40:12 IST" duration-ms="1366" status="PASS">
          <reporter-output>
          </reporter-output>
        </test-method> <!-- setup -->
        <test-method signature="runAllLogins()[pri:1, instance:tests.LoginTest@10db82ae]" started-at="2025-07-03T11:40:12 IST" name="runAllLogins" finished-at="2025-07-03T11:42:45 IST" duration-ms="153488" status="PASS">
          <reporter-output>
          </reporter-output>
        </test-method> <!-- runAllLogins -->
        <test-method is-config="true" signature="tearDown()[pri:0, instance:tests.LoginTest@10db82ae]" started-at="2025-07-03T11:42:45 IST" name="tearDown" finished-at="2025-07-03T11:42:45 IST" duration-ms="142" status="PASS">
          <reporter-output>
          </reporter-output>
        </test-method> <!-- tearDown -->
      </class> <!-- tests.LoginTest -->
    </test> <!-- Surefire test -->
  </suite> <!-- Surefire suite -->
</testng-results>
