<?xml version="1.0" encoding="UTF-8"?>
<testng-results ignored="0" total="1" passed="1" failed="0" skipped="0">
  <reporter-output>
  </reporter-output>
  <suite started-at="2025-07-03T16:04:36 IST" name="Surefire suite" finished-at="2025-07-03T16:05:24 IST" duration-ms="47884">
    <groups>
    </groups>
    <test started-at="2025-07-03T16:04:36 IST" name="Surefire test" finished-at="2025-07-03T16:05:24 IST" duration-ms="47884">
      <class name="tests.AddUserTest">
        <test-method is-config="true" signature="setup()[pri:0, instance:tests.AddUserTest@78dd667e]" started-at="2025-07-03T16:04:36 IST" name="setup" finished-at="2025-07-03T16:04:38 IST" duration-ms="2303" status="PASS">
          <reporter-output>
          </reporter-output>
        </test-method> <!-- setup -->
        <test-method signature="addNewUserFlow()[pri:0, instance:tests.AddUserTest@78dd667e]" started-at="2025-07-03T16:04:38 IST" name="addNewUserFlow" finished-at="2025-07-03T16:05:24 IST" duration-ms="45468" status="PASS">
          <reporter-output>
          </reporter-output>
        </test-method> <!-- addNewUserFlow -->
        <test-method is-config="true" signature="tearDown()[pri:0, instance:tests.AddUserTest@78dd667e]" started-at="2025-07-03T16:05:24 IST" name="tearDown" finished-at="2025-07-03T16:05:24 IST" duration-ms="89" status="PASS">
          <reporter-output>
          </reporter-output>
        </test-method> <!-- tearDown -->
      </class> <!-- tests.AddUserTest -->
    </test> <!-- Surefire test -->
  </suite> <!-- Surefire suite -->
</testng-results>
